2026.01.16 22:35:03 INFO  Started: Metals version 1.6.4 in folders 'C:\Users\Usuario\Documents\proyecto_herramienta_desarrollo\proyecto_tienda_online' for client Cursor 1.105.1.
2026.01.16 22:35:03 WARN  Using H2 2.4.240 which is newer than the version Flyway has been verified with. The latest verified version of H2 is 2.3.232.
2026.01.16 22:35:05 INFO  no build target found for C:\Users\Usuario\Documents\proyecto_herramienta_desarrollo\proyecto_tienda_online\src\main\java\com\tienda\TiendaApplication.java. Using fallback presentation compiler.
2026.01.16 22:35:07 INFO  restarted 1 presentation compiler
2026.01.16 22:35:16 WARN  no build target for: C:\Users\Usuario\Documents\proyecto_herramienta_desarrollo\proyecto_tienda_online\src\main\java\com\tienda\TiendaApplication.java
ene. 16, 2026 10:43:27 P. M. org.eclipse.lsp4j.jsonrpc.services.GenericEndpoint notify
INFORMACIÓN: Unsupported notification method: $/setTrace
ene. 16, 2026 10:45:40 P. M. org.eclipse.lsp4j.jsonrpc.services.GenericEndpoint notify
INFORMACIÓN: Unsupported notification method: $/setTrace
ene. 16, 2026 10:45:41 P. M. org.eclipse.lsp4j.jsonrpc.services.GenericEndpoint notify
INFORMACIÓN: Unsupported notification method: $/setTrace
2026.01.16 22:47:40 WARN  no build target for: C:\Users\Usuario\Documents\proyecto_herramienta_desarrollo\proyecto_tienda_online\src\main\java\com\tienda\TiendaApplication.java
2026.01.16 22:47:40 INFO  no build target found for C:\Users\Usuario\Documents\proyecto_herramienta_desarrollo\proyecto_tienda_online\src\main\java\com\tienda\TiendaApplication.java. Using fallback presentation compiler.
2026.01.16 22:57:20 INFO  no build target found for C:\Users\Usuario\Documents\proyecto_herramienta_desarrollo\proyecto_tienda_online\src\main\java\com\tienda\TiendaApplication.java. Using fallback presentation compiler.
2026.01.16 22:57:20 WARN  no build target for: C:\Users\Usuario\Documents\proyecto_herramienta_desarrollo\proyecto_tienda_online\src\main\java\com\tienda\TiendaApplication.java
2026.01.16 22:57:25 INFO  no build target found for C:\Users\Usuario\Documents\proyecto_herramienta_desarrollo\proyecto_tienda_online\src\main\java\com\tienda\TiendaApplication.java. Using fallback presentation compiler.
2026.01.16 22:57:53 WARN  no build target for: C:\Users\Usuario\Documents\proyecto_herramienta_desarrollo\proyecto_tienda_online\src\main\java\com\tienda\TiendaApplication.java
2026.01.16 22:57:54 INFO  no build target found for C:\Users\Usuario\Documents\proyecto_herramienta_desarrollo\proyecto_tienda_online\src\main\java\com\tienda\TiendaApplication.java. Using fallback presentation compiler.
2026.01.16 22:57:59 WARN  no build target for: C:\Users\Usuario\Documents\proyecto_herramienta_desarrollo\proyecto_tienda_online\src\main\java\com\tienda\TiendaApplication.java
2026.01.16 22:57:59 INFO  no build target found for C:\Users\Usuario\Documents\proyecto_herramienta_desarrollo\proyecto_tienda_online\src\main\java\com\tienda\TiendaApplication.java. Using fallback presentation compiler.
2026.01.16 22:58:24 WARN  no build target for: C:\Users\Usuario\Documents\proyecto_herramienta_desarrollo\proyecto_tienda_online\src\main\java\com\tienda\TiendaApplication.java
ene. 16, 2026 10:59:47 P. M. org.eclipse.lsp4j.jsonrpc.services.GenericEndpoint notify
INFORMACIÓN: Unsupported notification method: $/setTrace
ene. 16, 2026 10:59:49 P. M. org.eclipse.lsp4j.jsonrpc.services.GenericEndpoint notify
INFORMACIÓN: Unsupported notification method: $/setTrace
2026.01.16 23:00:15 INFO  Shutting down server
2026.01.16 23:00:15 INFO  shutting down Metals
2026.01.16 23:00:15 INFO  Exiting server
